<?xml version="1.0" encoding="UTF-8"?>
<!-- Generated by org.testng.reporters.JUnitReportReporter -->
<testsuite hostname="DESKTOP-7K3FSMI" failures="0" tests="1" name="test.OrgHRMLoginPageTest" time="37.521" errors="0" timestamp="2022-08-30T01:05:33 IST" skipped="0">
  <testcase classname="test.OrgHRMLoginPageTest" name="orgHRMTest" time="37.521"/>
  <system-out/>
</testsuite> <!-- test.OrgHRMLoginPageTest -->
